<?xml version="1.0" encoding="UTF-8"?>
<testsuite name="com.example.pwatestbackend.PwaTestBackendApplicationTests" tests="1" skipped="0" failures="0" errors="0" timestamp="2023-05-22T08:01:43" hostname="MacBook-Pro-2.local" time="0.237">
  <properties/>
  <testcase name="contextLoads()" classname="com.example.pwatestbackend.PwaTestBackendApplicationTests" time="0.237"/>
  <system-out><![CDATA[17:01:35.203 [Test worker] DEBUG org.springframework.test.context.BootstrapUtils - Instantiating CacheAwareContextLoaderDelegate from class [org.springframework.test.context.cache.DefaultCacheAwareContextLoaderDelegate]
17:01:35.216 [Test worker] DEBUG org.springframework.test.context.BootstrapUtils - Instantiating BootstrapContext using constructor [public org.springframework.test.context.support.DefaultBootstrapContext(java.lang.Class,org.springframework.test.context.CacheAwareContextLoaderDelegate)]
17:01:35.263 [Test worker] DEBUG org.springframework.test.context.BootstrapUtils - Instantiating TestContextBootstrapper for test class [com.example.pwatestbackend.PwaTestBackendApplicationTests] from class [org.springframework.boot.test.context.SpringBootTestContextBootstrapper]
17:01:35.274 [Test worker] INFO org.springframework.boot.test.context.SpringBootTestContextBootstrapper - Neither @ContextConfiguration nor @ContextHierarchy found for test class [com.example.pwatestbackend.PwaTestBackendApplicationTests], using SpringBootContextLoader
17:01:35.278 [Test worker] DEBUG org.springframework.test.context.support.AbstractContextLoader - Did not detect default resource location for test class [com.example.pwatestbackend.PwaTestBackendApplicationTests]: class path resource [com/example/pwatestbackend/PwaTestBackendApplicationTests-context.xml] does not exist
17:01:35.279 [Test worker] DEBUG org.springframework.test.context.support.AbstractContextLoader - Did not detect default resource location for test class [com.example.pwatestbackend.PwaTestBackendApplicationTests]: class path resource [com/example/pwatestbackend/PwaTestBackendApplicationTestsContext.groovy] does not exist
17:01:35.279 [Test worker] INFO org.springframework.test.context.support.AbstractContextLoader - Could not detect default resource locations for test class [com.example.pwatestbackend.PwaTestBackendApplicationTests]: no resource found for suffixes {-context.xml, Context.groovy}.
17:01:35.279 [Test worker] INFO org.springframework.test.context.support.AnnotationConfigContextLoaderUtils - Could not detect default configuration classes for test class [com.example.pwatestbackend.PwaTestBackendApplicationTests]: PwaTestBackendApplicationTests does not declare any static, non-private, non-final, nested classes annotated with @Configuration.
17:01:35.337 [Test worker] DEBUG org.springframework.test.context.support.ActiveProfilesUtils - Could not find an 'annotation declaring class' for annotation type [org.springframework.test.context.ActiveProfiles] and class [com.example.pwatestbackend.PwaTestBackendApplicationTests]
17:01:35.428 [Test worker] DEBUG org.springframework.context.annotation.ClassPathScanningCandidateComponentProvider - Identified candidate component class: file [/Users/chanjin/Desktop/PWA-Test-Backend/build/classes/java/main/com/example/pwatestbackend/PwaTestBackendApplication.class]
17:01:35.431 [Test worker] INFO org.springframework.boot.test.context.SpringBootTestContextBootstrapper - Found @SpringBootConfiguration com.example.pwatestbackend.PwaTestBackendApplication for test class com.example.pwatestbackend.PwaTestBackendApplicationTests
17:01:35.516 [Test worker] DEBUG org.springframework.boot.test.context.SpringBootTestContextBootstrapper - @TestExecutionListeners is not present for class [com.example.pwatestbackend.PwaTestBackendApplicationTests]: using defaults.
17:01:35.518 [Test worker] INFO org.springframework.boot.test.context.SpringBootTestContextBootstrapper - Loaded default TestExecutionListener class names from location [META-INF/spring.factories]: [org.springframework.boot.test.autoconfigure.restdocs.RestDocsTestExecutionListener, org.springframework.boot.test.autoconfigure.web.client.MockRestServiceServerResetTestExecutionListener, org.springframework.boot.test.autoconfigure.web.servlet.MockMvcPrintOnlyOnFailureTestExecutionListener, org.springframework.boot.test.autoconfigure.web.servlet.WebDriverTestExecutionListener, org.springframework.boot.test.autoconfigure.webservices.client.MockWebServiceServerTestExecutionListener, org.springframework.boot.test.mock.mockito.MockitoTestExecutionListener, org.springframework.boot.test.mock.mockito.ResetMocksTestExecutionListener, org.springframework.test.context.web.ServletTestExecutionListener, org.springframework.test.context.support.DirtiesContextBeforeModesTestExecutionListener, org.springframework.test.context.event.ApplicationEventsTestExecutionListener, org.springframework.test.context.support.DependencyInjectionTestExecutionListener, org.springframework.test.context.support.DirtiesContextTestExecutionListener, org.springframework.test.context.transaction.TransactionalTestExecutionListener, org.springframework.test.context.jdbc.SqlScriptsTestExecutionListener, org.springframework.test.context.event.EventPublishingTestExecutionListener]
17:01:35.530 [Test worker] INFO org.springframework.boot.test.context.SpringBootTestContextBootstrapper - Using TestExecutionListeners: [org.springframework.test.context.web.ServletTestExecutionListener@3918c187, org.springframework.test.context.support.DirtiesContextBeforeModesTestExecutionListener@2c88b9fc, org.springframework.test.context.event.ApplicationEventsTestExecutionListener@64dafeed, org.springframework.boot.test.mock.mockito.MockitoTestExecutionListener@388ba540, org.springframework.boot.test.autoconfigure.SpringBootDependencyInjectionTestExecutionListener@47605f2f, org.springframework.test.context.support.DirtiesContextTestExecutionListener@2ece4966, org.springframework.test.context.transaction.TransactionalTestExecutionListener@1dd0e7c4, org.springframework.test.context.jdbc.SqlScriptsTestExecutionListener@7894f09b, org.springframework.test.context.event.EventPublishingTestExecutionListener@3d484181, org.springframework.boot.test.autoconfigure.restdocs.RestDocsTestExecutionListener@6111ba37, org.springframework.boot.test.autoconfigure.web.client.MockRestServiceServerResetTestExecutionListener@7be58f16, org.springframework.boot.test.autoconfigure.web.servlet.MockMvcPrintOnlyOnFailureTestExecutionListener@242aa8d9, org.springframework.boot.test.autoconfigure.web.servlet.WebDriverTestExecutionListener@5b11a194, org.springframework.boot.test.autoconfigure.webservices.client.MockWebServiceServerTestExecutionListener@37bd68c3, org.springframework.boot.test.mock.mockito.ResetMocksTestExecutionListener@60f7cc1d]
17:01:35.533 [Test worker] DEBUG org.springframework.test.context.support.AbstractDirtiesContextTestExecutionListener - Before test class: context [DefaultTestContext@4f2c9ba6 testClass = PwaTestBackendApplicationTests, testInstance = [null], testMethod = [null], testException = [null], mergedContextConfiguration = [WebMergedContextConfiguration@4e28bdd1 testClass = PwaTestBackendApplicationTests, locations = '{}', classes = '{class com.example.pwatestbackend.PwaTestBackendApplication}', contextInitializerClasses = '[]', activeProfiles = '{}', propertySourceLocations = '{}', propertySourceProperties = '{org.springframework.boot.test.context.SpringBootTestContextBootstrapper=true}', contextCustomizers = set[org.springframework.boot.test.autoconfigure.actuate.metrics.MetricsExportContextCustomizerFactory$DisableMetricExportContextCustomizer@4ff8d125, org.springframework.boot.test.autoconfigure.properties.PropertyMappingContextCustomizer@0, org.springframework.boot.test.autoconfigure.web.servlet.WebDriverContextCustomizerFactory$Customizer@51fadaff, org.springframework.boot.test.context.filter.ExcludeFilterContextCustomizer@67d18ed7, org.springframework.boot.test.json.DuplicateJsonObjectContextCustomizerFactory$DuplicateJsonObjectContextCustomizer@7a67e3c6, org.springframework.boot.test.mock.mockito.MockitoContextCustomizer@0, org.springframework.boot.test.web.client.TestRestTemplateContextCustomizer@6af9fcb2, org.springframework.boot.test.context.SpringBootTestArgs@1, org.springframework.boot.test.context.SpringBootTestWebEnvironment@31f9b85e], resourceBasePath = 'src/main/webapp', contextLoader = 'org.springframework.boot.test.context.SpringBootContextLoader', parent = [null]], attributes = map['org.springframework.test.context.web.ServletTestExecutionListener.activateListener' -> true]], class annotated with @DirtiesContext [false] with mode [null].

  .   ____          _            __ _ _
 /\\ / ___'_ __ _ _(_)_ __  __ _ \ \ \ \
( ( )\___ | '_ | '_| | '_ \/ _` | \ \ \ \
 \\/  ___)| |_)| | | | | || (_| |  ) ) ) )
  '  |____| .__|_| |_|_| |_\__, | / / / /
 =========|_|==============|___/=/_/_/_/
 :: Spring Boot ::               (v2.7.12)

2023-05-22 17:01:36.040  INFO 8088 --- [    Test worker] c.e.p.PwaTestBackendApplicationTests     : Starting PwaTestBackendApplicationTests using Java 17.0.4 on MacBook-Pro-2.local with PID 8088 (started by chanjin in /Users/chanjin/Desktop/PWA-Test-Backend)
2023-05-22 17:01:36.042  INFO 8088 --- [    Test worker] c.e.p.PwaTestBackendApplicationTests     : No active profile set, falling back to 1 default profile: "default"
2023-05-22 17:01:37.240  INFO 8088 --- [    Test worker] .s.d.r.c.RepositoryConfigurationDelegate : Bootstrapping Spring Data JPA repositories in DEFAULT mode.
2023-05-22 17:01:37.302  INFO 8088 --- [    Test worker] .s.d.r.c.RepositoryConfigurationDelegate : Finished Spring Data repository scanning in 54 ms. Found 1 JPA repository interfaces.
2023-05-22 17:01:38.284  INFO 8088 --- [    Test worker] com.zaxxer.hikari.HikariDataSource       : HikariPool-1 - Starting...
2023-05-22 17:01:38.452  INFO 8088 --- [    Test worker] com.zaxxer.hikari.HikariDataSource       : HikariPool-1 - Start completed.
2023-05-22 17:01:38.584  INFO 8088 --- [    Test worker] o.hibernate.jpa.internal.util.LogHelper  : HHH000204: Processing PersistenceUnitInfo [name: default]
2023-05-22 17:01:38.625  INFO 8088 --- [    Test worker] org.hibernate.Version                    : HHH000412: Hibernate ORM core version 5.6.15.Final
2023-05-22 17:01:38.825  INFO 8088 --- [    Test worker] o.hibernate.annotations.common.Version   : HCANN000001: Hibernate Commons Annotations {5.1.2.Final}
2023-05-22 17:01:38.941  INFO 8088 --- [    Test worker] org.hibernate.dialect.Dialect            : HHH000400: Using dialect: org.hibernate.dialect.H2Dialect
2023-05-22 17:01:39.425  INFO 8088 --- [    Test worker] o.h.e.t.j.p.i.JtaPlatformInitiator       : HHH000490: Using JtaPlatform implementation: [org.hibernate.engine.transaction.jta.platform.internal.NoJtaPlatform]
2023-05-22 17:01:39.436  INFO 8088 --- [    Test worker] j.LocalContainerEntityManagerFactoryBean : Initialized JPA EntityManagerFactory for persistence unit 'default'
2023-05-22 17:01:40.678  WARN 8088 --- [    Test worker] JpaBaseConfiguration$JpaWebConfiguration : spring.jpa.open-in-view is enabled by default. Therefore, database queries may be performed during view rendering. Explicitly configure spring.jpa.open-in-view to disable this warning
2023-05-22 17:01:43.269  INFO 8088 --- [    Test worker] c.e.p.PwaTestBackendApplicationTests     : Started PwaTestBackendApplicationTests in 7.681 seconds (JVM running for 9.096)
]]></system-out>
  <system-err><![CDATA[]]></system-err>
</testsuite>
